number,value,datetime_start,datetime_complete,duration,params_H_cycles,params_H_layers,params_L_cycles,params_L_layers,params_d_mem,params_hidden_size,params_m_loc,params_top_k,state
0,inf,2025-08-25 14:28:42.474501,2025-08-25 14:29:06.057868,0 days 00:00:23.583367,2,1,3,2,100,32,118,4,COMPLETE
1,inf,2025-08-25 14:29:06.093029,2025-08-25 14:29:16.330721,0 days 00:00:10.237692,2,1,1,2,97,16,128,4,COMPLETE
2,inf,2025-08-25 14:29:16.354099,2025-08-25 14:29:27.381223,0 days 00:00:11.027124,1,2,1,1,82,16,107,4,COMPLETE
3,inf,2025-08-25 14:29:27.405717,2025-08-25 14:29:40.058095,0 days 00:00:12.652378,1,2,3,1,83,16,122,2,COMPLETE
4,inf,2025-08-25 14:29:40.113666,2025-08-25 14:29:54.750485,0 days 00:00:14.636819,2,2,3,2,125,16,121,2,COMPLETE
5,inf,2025-08-25 14:29:54.776553,2025-08-25 14:30:04.920928,0 days 00:00:10.144375,1,2,3,1,125,32,71,4,COMPLETE
6,inf,2025-08-25 14:30:04.947387,2025-08-25 14:30:19.913760,0 days 00:00:14.966373,2,2,2,1,81,32,91,2,COMPLETE
7,inf,2025-08-25 14:30:20.116036,2025-08-25 14:30:33.068154,0 days 00:00:12.952118,1,1,3,1,115,32,113,3,COMPLETE
8,inf,2025-08-25 14:30:33.091863,2025-08-25 14:30:43.123669,0 days 00:00:10.031806,2,1,1,1,108,32,90,3,COMPLETE
9,inf,2025-08-25 14:30:43.146043,2025-08-25 14:30:52.945147,0 days 00:00:09.799104,1,2,1,2,98,16,64,3,COMPLETE
10,inf,2025-08-25 14:32:23.216913,2025-08-25 14:32:34.331423,0 days 00:00:11.114510,2,1,4,2,69,32,103,4,COMPLETE
11,inf,2025-08-25 14:32:34.359115,2025-08-25 14:32:44.435440,0 days 00:00:10.076325,2,1,2,2,98,16,128,4,COMPLETE
12,inf,2025-08-25 14:32:44.461139,2025-08-25 14:32:55.352625,0 days 00:00:10.891486,2,1,4,2,108,32,128,4,COMPLETE
13,inf,2025-08-25 14:32:55.376839,2025-08-25 14:33:05.832793,0 days 00:00:10.455954,2,1,2,2,90,16,115,4,COMPLETE
14,inf,2025-08-25 14:33:05.857092,2025-08-25 14:33:15.820384,0 days 00:00:09.963292,2,1,2,2,104,16,99,3,COMPLETE
15,inf,2025-08-25 14:33:15.844501,2025-08-25 14:33:26.659232,0 days 00:00:10.814731,2,1,4,2,93,32,81,4,COMPLETE
16,inf,2025-08-25 14:33:26.681703,2025-08-25 14:33:36.381505,0 days 00:00:09.699802,2,1,1,2,116,32,112,3,COMPLETE
17,inf,2025-08-25 14:33:36.404550,2025-08-25 14:33:46.803306,0 days 00:00:10.398756,2,1,2,2,69,16,120,4,COMPLETE
18,inf,2025-08-25 14:33:46.827284,2025-08-25 14:33:57.205226,0 days 00:00:10.377942,2,1,3,2,89,16,110,4,COMPLETE
19,inf,2025-08-25 14:33:57.228131,2025-08-25 14:34:08.144436,0 days 00:00:10.916305,2,1,4,2,104,32,118,3,COMPLETE
20,inf,2025-08-25 14:35:13.731074,2025-08-25 14:35:32.367660,0 days 00:00:18.636586,1,1,1,2,75,16,128,3,COMPLETE
21,inf,2025-08-25 14:35:32.398505,2025-08-25 14:35:42.304517,0 days 00:00:09.906012,1,2,1,1,83,16,107,4,COMPLETE
22,inf,2025-08-25 14:35:42.329797,2025-08-25 14:35:52.087955,0 days 00:00:09.758158,1,2,1,1,96,16,105,4,COMPLETE
23,inf,2025-08-25 14:35:52.116972,2025-08-25 14:36:01.854622,0 days 00:00:09.737650,1,2,2,1,76,16,98,4,COMPLETE
24,inf,2025-08-25 14:36:01.880351,2025-08-25 14:36:11.579856,0 days 00:00:09.699505,1,2,1,1,64,16,121,4,COMPLETE
25,inf,2025-08-25 14:36:11.603404,2025-08-25 14:36:21.951020,0 days 00:00:10.347616,2,1,2,2,89,16,115,4,COMPLETE
26,inf,2025-08-25 14:36:21.974897,2025-08-25 14:36:31.773610,0 days 00:00:09.798713,1,2,3,1,101,32,124,4,COMPLETE
27,inf,2025-08-25 14:36:31.811572,2025-08-25 14:36:42.934350,0 days 00:00:11.122778,2,1,1,2,86,16,108,3,COMPLETE
28,inf,2025-08-25 14:36:42.956836,2025-08-25 14:36:52.556593,0 days 00:00:09.599757,1,2,2,1,114,32,103,4,COMPLETE
29,inf,2025-08-25 14:36:52.579834,2025-08-25 14:37:02.956310,0 days 00:00:10.376476,2,1,3,2,93,16,117,2,COMPLETE
30,inf,2025-08-25 14:49:40.514032,2025-08-25 14:50:00.812818,0 days 00:00:20.298786,1,2,1,1,79,16,123,4,COMPLETE
31,inf,2025-08-25 14:50:00.842396,2025-08-25 14:50:10.472759,0 days 00:00:09.630363,1,2,3,1,87,16,124,2,COMPLETE
32,inf,2025-08-25 14:50:10.497229,2025-08-25 14:50:20.960637,0 days 00:00:10.463408,1,2,3,1,84,16,119,2,COMPLETE
33,inf,2025-08-25 14:50:20.986063,2025-08-25 14:50:30.866272,0 days 00:00:09.880209,1,2,3,1,78,16,123,2,COMPLETE
34,inf,2025-08-25 14:50:30.915004,2025-08-25 14:50:41.017156,0 days 00:00:10.102152,1,2,3,1,94,16,112,2,COMPLETE
35,inf,2025-08-25 14:50:41.040470,2025-08-25 14:50:50.838918,0 days 00:00:09.798448,1,2,3,1,72,32,92,3,COMPLETE
36,inf,2025-08-25 14:50:50.863695,2025-08-25 14:51:00.924788,0 days 00:00:10.061093,2,2,3,1,128,32,83,2,COMPLETE
37,inf,2025-08-25 14:51:00.948285,2025-08-25 14:51:10.611693,0 days 00:00:09.663408,1,2,4,1,108,16,116,3,COMPLETE
38,inf,2025-08-25 14:51:10.634925,2025-08-25 14:51:20.562043,0 days 00:00:09.927118,2,1,2,2,81,32,126,4,COMPLETE
39,inf,2025-08-25 14:51:20.584514,2025-08-25 14:51:29.716015,0 days 00:00:09.131501,1,1,1,2,99,16,110,3,COMPLETE
40,2.635899066925049,2025-08-25 14:59:34.934275,2025-08-25 14:59:56.501620,0 days 00:00:21.567345,2,2,2,1,103,32,121,4,COMPLETE
41,2.62315034866333,2025-08-25 14:59:56.529428,2025-08-25 15:00:06.866717,0 days 00:00:10.337289,2,2,2,1,104,32,120,4,COMPLETE
42,2.619624614715576,2025-08-25 15:00:06.890582,2025-08-25 15:00:17.264996,0 days 00:00:10.374414,2,2,2,1,103,32,120,4,COMPLETE
43,2.636704444885254,2025-08-25 15:00:17.289803,2025-08-25 15:00:27.263621,0 days 00:00:09.973818,2,2,2,1,112,32,120,4,COMPLETE
44,2.636704444885254,2025-08-25 15:00:27.286834,2025-08-25 15:00:37.636649,0 days 00:00:10.349815,2,2,2,1,112,32,120,4,COMPLETE
45,2.61592173576355,2025-08-25 15:00:37.659151,2025-08-25 15:00:47.962159,0 days 00:00:10.303008,2,2,2,1,118,32,120,4,COMPLETE
46,2.7534499168395996,2025-08-25 15:00:47.986417,2025-08-25 15:01:00.707644,0 days 00:00:12.721227,2,2,2,1,120,32,114,4,COMPLETE
47,2.6565959453582764,2025-08-25 15:01:00.731148,2025-08-25 15:01:11.136485,0 days 00:00:10.405337,2,2,2,1,120,32,125,4,COMPLETE
48,2.6269712448120117,2025-08-25 15:01:11.158847,2025-08-25 15:01:21.288737,0 days 00:00:10.129890,2,2,2,1,105,32,117,4,COMPLETE
49,2.6301112174987793,2025-08-25 15:01:21.311442,2025-08-25 15:01:30.940237,0 days 00:00:09.628795,2,2,2,1,103,32,118,4,COMPLETE
